[2026-05-07 07:31:18] radioSongRows count=212 | last_error=Array
(
    [code] => 0
    [message] => 
)

[2026-05-07 07:35:02] radioSongRows count=212 | last_error=Array
(
    [code] => 0
    [message] => 
)

[2026-05-07 07:38:30] radioSongRows count=212 | last_error=Array
(
    [code] => 0
    [message] => 
)

[2026-05-07 07:41:35] radioSongRows count=212 | last_error=Array
(
    [code] => 0
    [message] => 
)

[2026-05-07 07:41:49] radioSongRows count=212 | last_error=Array
(
    [code] => 0
    [message] => 
)

[2026-05-07 07:44:23] radioSongRows count=212 | last_error=Array
(
    [code] => 0
    [message] => 
)

[2026-05-07 07:49:16] radioSongRows count=212 | last_error=Array
(
    [code] => 0
    [message] => 
)

[2026-05-07 07:55:00] radioSongRows count=212 | last_error=Array
(
    [code] => 0
    [message] => 
)

[2026-05-07 08:18:46] radioSongRows count=212 | last_error=Array
(
    [code] => 0
    [message] => 
)

[2026-05-07 14:50:01] radioSongRows count=212 | last_error=Array
(
    [code] => 0
    [message] => 
)

[2026-05-08 06:38:52] radioSongRows count=212 | last_error=Array
(
    [code] => 0
    [message] => 
)

[2026-05-08 06:42:48] radioSongRows count=212 | last_error=Array
(
    [code] => 0
    [message] => 
)

[2026-05-08 06:45:18] radioSongRows count=212 | last_error=Array
(
    [code] => 0
    [message] => 
)

[2026-05-08 06:45:42] radioSongRows count=212 | last_error=Array
(
    [code] => 0
    [message] => 
)

[2026-05-08 06:46:29] radioSongRows count=212 | last_error=Array
(
    [code] => 0
    [message] => 
)

[2026-05-08 06:48:32] radioSongRows count=212 | last_error=Array
(
    [code] => 0
    [message] => 
)

[2026-05-08 06:50:34] radioSongRows count=212 | last_error=Array
(
    [code] => 0
    [message] => 
)

[2026-05-08 06:51:18] radioSongRows count=212 | last_error=Array
(
    [code] => 0
    [message] => 
)

[2026-05-20 07:55:18] radioSongRows count=211 | last_error=Array
(
    [code] => 0
    [message] => 
)

